C51 COMPILER V9.59.0.0   7SEG                                                              05/22/2019 03:54:45 PAGE 1   


C51 COMPILER V9.59.0.0, COMPILATION OF MODULE 7SEG
OBJECT MODULE PLACED IN .\Objects\7seg.obj
COMPILER INVOKED BY: C:\Keil_v5\C51\BIN\C51.EXE 7seg.c OPTIMIZE(8,SPEED) BROWSE DEBUG OBJECTEXTEND PRINT(.\Listings\7seg
                    -.lst) TABS(2) OBJECT(.\Objects\7seg.obj)

line level    source

   1          #include <reg51.h>
   2          
   3          void wait(){
   4   1        int i;
   5   1        
   6   1        for (i = 0; i < 100 ;++i);
   7   1      }
   8          
   9          int main(){
  10   1        
  11   1      int i = 0;
  12   1      int j;  
  13   1      char A[16] = {0x01,0x4f,0x12,0x06,0x4c,0x24,0x20,0x0f,0x00,0x0c,0x08,0x60,0x31,0x42,0x30,0x38};
  14   1        
  15   1        while(1){
  16   2          
  17   2          if (i == 16)
  18   2            i = 0;
  19   2          
  20   2          P2 = A[i++];
  21   2          
  22   2          for(j = 0; j < 1000; ++j){
  23   3            wait();
  24   3          }
  25   2        }
  26   1        
  27   1      }


MODULE INFORMATION:   STATIC OVERLAYABLE
   CODE SIZE        =     95    ----
   CONSTANT SIZE    =     16    ----
   XDATA SIZE       =   ----    ----
   PDATA SIZE       =   ----    ----
   DATA SIZE        =   ----      20
   IDATA SIZE       =   ----    ----
   BIT SIZE         =   ----    ----
END OF MODULE INFORMATION.


C51 COMPILATION COMPLETE.  0 WARNING(S),  0 ERROR(S)
